<?xml version="1.0" encoding="UTF-8"?>
<!-- Generated by org.testng.reporters.JUnitReportReporter -->
<testsuite hostname="DESKTOP-L1F3TE2" failures="0" tests="4" name="com.Tutorials.TestCases.RegisterTest" time="20.586" errors="0" timestamp="2024-08-20T16:54:36 IST" skipped="1">
  <testcase classname="com.Tutorials.TestCases.RegisterTest" name="RegisterInvalidPassword" time="7.318"/>
  <testcase classname="com.Tutorials.TestCases.RegisterTest" name="RegisterInvalidCredentials" time="5.860"/>
  <testcase classname="com.Tutorials.TestCases.RegisterTest" name="RegisterWithExistedCredentials" time="7.408"/>
  <testcase classname="com.Tutorials.TestCases.RegisterTest" name="RegisterValidCredentials">
    <skipped/>
  </testcase> <!-- RegisterValidCredentials -->
</testsuite> <!-- com.Tutorials.TestCases.RegisterTest -->
