<?xml version="1.0" encoding="UTF-8"?>
<!-- Generated by org.testng.reporters.JUnitReportReporter -->
<testsuite hostname="DESKTOP-L1F3TE2" failures="0" tests="3" name="com.Tutorials.TestCases.LogoutTest" time="16.478" errors="0" timestamp="2024-09-02T10:35:14 IST" skipped="1">
  <testcase classname="com.Tutorials.TestCases.LogoutTest" name="ValidateLogoutOption" time="7.230"/>
  <testcase classname="com.Tutorials.TestCases.LogoutTest" name="validateLogoutOption" time="9.248"/>
  <testcase classname="com.Tutorials.TestCases.LogoutTest" name="validateHomePage">
    <skipped/>
  </testcase> <!-- validateHomePage -->
</testsuite> <!-- com.Tutorials.TestCases.LogoutTest -->
