<?xml version="1.0" encoding="UTF-8"?>
<!-- Generated by org.testng.reporters.JUnitReportReporter -->
<testsuite hostname="DESKTOP-L1F3TE2" failures="0" tests="3" name="com.Tutorials.TestCases.SearchTest" time="16.117" errors="0" timestamp="2024-08-27T19:33:52 IST" skipped="0">
  <testcase classname="com.Tutorials.TestCases.SearchTest" name="SearchwithExistingProduct" time="5.523"/>
  <testcase classname="com.Tutorials.TestCases.SearchTest" name="searchwithNonExisitngProduct" time="5.242"/>
  <testcase classname="com.Tutorials.TestCases.SearchTest" name="searchwithNoproduct" time="5.352"/>
</testsuite> <!-- com.Tutorials.TestCases.SearchTest -->
