<?xml version="1.0" encoding="UTF-8"?>
<!-- Generated by org.testng.reporters.JUnitReportReporter -->
<testsuite hostname="DESKTOP-L1F3TE2" failures="0" tests="4" name="com.Tutorials.TestCases.RegisterTest" time="6.140" errors="0" timestamp="2024-08-27T19:45:35 IST" skipped="3">
  <testcase classname="com.Tutorials.TestCases.RegisterTest" name="RegisterInvalidCredentials" time="6.140"/>
  <testcase classname="com.Tutorials.TestCases.RegisterTest" name="RegisterValidCredentials">
    <skipped/>
  </testcase> <!-- RegisterValidCredentials -->
  <testcase classname="com.Tutorials.TestCases.RegisterTest" name="RegisterInvalidPassword">
    <skipped/>
  </testcase> <!-- RegisterInvalidPassword -->
  <testcase classname="com.Tutorials.TestCases.RegisterTest" name="RegisterWithExistedCredentials">
    <skipped/>
  </testcase> <!-- RegisterWithExistedCredentials -->
</testsuite> <!-- com.Tutorials.TestCases.RegisterTest -->
