<?xml version="1.0" encoding="UTF-8"?>
<!-- Generated by org.testng.reporters.JUnitReportReporter -->
<testsuite hostname="DESKTOP-L1F3TE2" failures="0" tests="3" name="com.Tutorials.TestCases.Search" time="17.823" errors="0" timestamp="2024-08-20T10:44:04 IST" skipped="0">
  <testcase classname="com.Tutorials.TestCases.Search" name="searchwithNoproduct" time="6.155"/>
  <testcase classname="com.Tutorials.TestCases.Search" name="SearchwithExistingProduct" time="5.963"/>
  <testcase classname="com.Tutorials.TestCases.Search" name="searchwithNonExisitngProduct" time="5.705"/>
</testsuite> <!-- com.Tutorials.TestCases.Search -->
