<?xml version="1.0" encoding="UTF-8"?>
<!-- Generated by org.testng.reporters.JUnitReportReporter -->
<testsuite hostname="DESKTOP-L1F3TE2" failures="0" tests="1" name="com.Tutorials.Framework.Register" time="0.015" errors="0" timestamp="2024-08-06T09:30:44 IST" skipped="0">
  <testcase classname="com.Tutorials.Framework.Register" name="m1" time="0.015"/>
</testsuite> <!-- com.Tutorials.Framework.Register -->
