<?xml version="1.0" encoding="UTF-8"?>
<!-- Generated by org.testng.reporters.JUnitReportReporter -->
<testsuite hostname="DESKTOP-L1F3TE2" failures="0" tests="4" name="com.Tutorials.TestCases.Register" time="25.313" errors="0" timestamp="2024-08-20T10:44:04 IST" skipped="1">
  <testcase classname="com.Tutorials.TestCases.Register" name="RegisterInvalidCredentials" time="7.251"/>
  <testcase classname="com.Tutorials.TestCases.Register" name="RegisterWithExistedCredentials" time="8.207"/>
  <testcase classname="com.Tutorials.TestCases.Register" name="RegisterInvalidPassword" time="9.855"/>
  <testcase classname="com.Tutorials.TestCases.Register" name="RegisterValidCredentials">
    <skipped/>
  </testcase> <!-- RegisterValidCredentials -->
</testsuite> <!-- com.Tutorials.TestCases.Register -->
