<?xml version="1.0" encoding="UTF-8"?>
<!-- Generated by org.testng.reporters.JUnitReportReporter -->
<testsuite hostname="DESKTOP-L1F3TE2" failures="0" tests="1" name="com.Tutorials.TestCases.LoginTest" time="9.081" errors="0" timestamp="2024-08-28T10:04:16 IST" skipped="0">
  <testcase classname="com.Tutorials.TestCases.LoginTest" name="Validatecredential" time="9.081"/>
</testsuite> <!-- com.Tutorials.TestCases.LoginTest -->
