<?xml version="1.0" encoding="UTF-8"?>
<!-- Generated by org.testng.reporters.JUnitReportReporter -->
<testsuite hostname="DESKTOP-L1F3TE2" failures="0" tests="2" name="com.Tutorials.TestCases.Login" time="16.447" errors="0" timestamp="2024-08-20T10:44:04 IST" skipped="0">
  <testcase classname="com.Tutorials.TestCases.Login" name="InValidatecredential" time="8.143"/>
  <testcase classname="com.Tutorials.TestCases.Login" name="Validatecredential" time="8.304"/>
</testsuite> <!-- com.Tutorials.TestCases.Login -->
