<?xml version="1.0" encoding="UTF-8"?>
<!-- Generated by org.testng.reporters.JUnitReportReporter -->
<testsuite hostname="DESKTOP-L1F3TE2" failures="0" tests="2" name="com.Tutorials.TestCases.LoginTest" time="12.976" errors="0" timestamp="2024-08-20T16:54:36 IST" skipped="0">
  <testcase classname="com.Tutorials.TestCases.LoginTest" name="InValidatecredential" time="6.226"/>
  <testcase classname="com.Tutorials.TestCases.LoginTest" name="Validatecredential" time="6.750"/>
</testsuite> <!-- com.Tutorials.TestCases.LoginTest -->
