<?xml version="1.0" encoding="UTF-8"?>
<!-- Generated by org.testng.reporters.JUnitReportReporter -->
<testsuite hostname="DESKTOP-L1F3TE2" failures="0" tests="2" name="com.Tutorials.TestCases.ForgotTest" time="13.447" errors="0" timestamp="2024-08-27T19:33:52 IST" skipped="0">
  <testcase classname="com.Tutorials.TestCases.ForgotTest" name="TestwithInvalidCredentails" time="7.202"/>
  <testcase classname="com.Tutorials.TestCases.ForgotTest" name="TestwithvalidCredentials" time="6.245"/>
</testsuite> <!-- com.Tutorials.TestCases.ForgotTest -->
