<?xml version="1.0" encoding="UTF-8"?>
<!-- Generated by org.testng.reporters.JUnitReportReporter -->
<testsuite hostname="DESKTOP-L1F3TE2" failures="0" tests="4" name="com.Tutorials.TestCases.RegisterTest" time="7.264" errors="0" timestamp="2024-09-01T13:06:10 IST" skipped="3">
  <testcase classname="com.Tutorials.TestCases.RegisterTest" name="RegisterInvalidCredentials" time="7.264"/>
  <testcase classname="com.Tutorials.TestCases.RegisterTest" name="RegisterInvalidPassword">
    <skipped/>
  </testcase> <!-- RegisterInvalidPassword -->
  <testcase classname="com.Tutorials.TestCases.RegisterTest" name="RegisterWithExistedCredentials">
    <skipped/>
  </testcase> <!-- RegisterWithExistedCredentials -->
  <testcase classname="com.Tutorials.TestCases.RegisterTest" name="RegisterValidCredentials">
    <skipped/>
  </testcase> <!-- RegisterValidCredentials -->
</testsuite> <!-- com.Tutorials.TestCases.RegisterTest -->
